  CAPIEngine.cpp
C:\Users\User\Documents\GitHub\Client_API_DirectX\Client_Prototype\WinAPIEngine\CAPIEngine.cpp(31,24): warning C4838: 'float'에서 'LONG'(으)로의 변환에는 축소 변환이 필요합니다.
C:\Users\User\Documents\GitHub\Client_API_DirectX\Client_Prototype\WinAPIEngine\CAPIEngine.cpp(31,24): warning C4244: '초기화 중': 'float'에서 'LONG'(으)로 변환하면서 데이터가 손실될 수 있습니다.
C:\Users\User\Documents\GitHub\Client_API_DirectX\Client_Prototype\WinAPIEngine\CAPIEngine.cpp(31,39): warning C4838: 'float'에서 'LONG'(으)로의 변환에는 축소 변환이 필요합니다.
C:\Users\User\Documents\GitHub\Client_API_DirectX\Client_Prototype\WinAPIEngine\CAPIEngine.cpp(31,39): warning C4244: '초기화 중': 'float'에서 'LONG'(으)로 변환하면서 데이터가 손실될 수 있습니다.
C:\Users\User\Documents\GitHub\Client_API_DirectX\Client_Prototype\WinAPIEngine\CAPIEngine.cpp(116,22): warning C4838: 'float'에서 'LONG'(으)로의 변환에는 축소 변환이 필요합니다.
C:\Users\User\Documents\GitHub\Client_API_DirectX\Client_Prototype\WinAPIEngine\CAPIEngine.cpp(116,22): warning C4244: '초기화 중': 'float'에서 'LONG'(으)로 변환하면서 데이터가 손실될 수 있습니다.
C:\Users\User\Documents\GitHub\Client_API_DirectX\Client_Prototype\WinAPIEngine\CAPIEngine.cpp(116,37): warning C4838: 'float'에서 'LONG'(으)로의 변환에는 축소 변환이 필요합니다.
C:\Users\User\Documents\GitHub\Client_API_DirectX\Client_Prototype\WinAPIEngine\CAPIEngine.cpp(116,37): warning C4244: '초기화 중': 'float'에서 'LONG'(으)로 변환하면서 데이터가 손실될 수 있습니다.
C:\Users\User\Documents\GitHub\Client_API_DirectX\Client_Prototype\WinAPIEngine\CAPIEngine.cpp(147,27): warning C4244: '인수': 'float'에서 'int'(으)로 변환하면서 데이터가 손실될 수 있습니다.
C:\Users\User\Documents\GitHub\Client_API_DirectX\Client_Prototype\WinAPIEngine\CAPIEngine.cpp(147,15): warning C4244: '인수': 'float'에서 'int'(으)로 변환하면서 데이터가 손실될 수 있습니다.
C:\Users\User\Documents\GitHub\Client_API_DirectX\Client_Prototype\WinAPIEngine\CAPIEngine.cpp(146,52): warning C4244: '인수': 'float'에서 'int'(으)로 변환하면서 데이터가 손실될 수 있습니다.
C:\Users\User\Documents\GitHub\Client_API_DirectX\Client_Prototype\WinAPIEngine\CAPIEngine.cpp(146,40): warning C4244: '인수': 'float'에서 'int'(으)로 변환하면서 데이터가 손실될 수 있습니다.
C:\Users\User\Documents\GitHub\Client_API_DirectX\Client_Prototype\WinAPIEngine\CAPIEngine.cpp(153,15): warning C4244: '인수': 'float'에서 'int'(으)로 변환하면서 데이터가 손실될 수 있습니다.
C:\Users\User\Documents\GitHub\Client_API_DirectX\Client_Prototype\WinAPIEngine\CAPIEngine.cpp(153,12): warning C4244: '인수': 'float'에서 'int'(으)로 변환하면서 데이터가 손실될 수 있습니다.
C:\Users\User\Documents\GitHub\Client_API_DirectX\Client_Prototype\WinAPIEngine\CAPIEngine.cpp(170,61): warning C4244: '인수': 'float'에서 'int'(으)로 변환하면서 데이터가 손실될 수 있습니다.
C:\Users\User\Documents\GitHub\Client_API_DirectX\Client_Prototype\WinAPIEngine\CAPIEngine.cpp(170,46): warning C4244: '인수': 'float'에서 'int'(으)로 변환하면서 데이터가 손실될 수 있습니다.
C:\Users\User\Documents\GitHub\Client_API_DirectX\Client_Prototype\WinAPIEngine\CAPIEngine.cpp(180,27): warning C4244: '인수': 'float'에서 'int'(으)로 변환하면서 데이터가 손실될 수 있습니다.
C:\Users\User\Documents\GitHub\Client_API_DirectX\Client_Prototype\WinAPIEngine\CAPIEngine.cpp(180,12): warning C4244: '인수': 'float'에서 'int'(으)로 변환하면서 데이터가 손실될 수 있습니다.
  CObject.cpp
  CTexture.cpp
  CUnit.cpp
  SVector2D.cpp
  코드를 생성하고 있습니다...
  WinAPIEngine.vcxproj -> C:\Users\User\Documents\GitHub\Client_API_DirectX\Client_Prototype\bin\WinAPIEngine.lib
