c:\users\user\documents\github\client_api_directx\client_prototype\bin\winapiengine.pdb
c:\users\user\documents\github\client_api_directx\client_prototype\bin\winapiengine.idb
c:\users\user\documents\github\client_api_directx\client_prototype\winapiengine\x64\debug\svector2d.obj
c:\users\user\documents\github\client_api_directx\client_prototype\winapiengine\x64\debug\cunit.obj
c:\users\user\documents\github\client_api_directx\client_prototype\winapiengine\x64\debug\ctexture.obj
c:\users\user\documents\github\client_api_directx\client_prototype\winapiengine\x64\debug\cref.obj
c:\users\user\documents\github\client_api_directx\client_prototype\winapiengine\x64\debug\cobject.obj
c:\users\user\documents\github\client_api_directx\client_prototype\winapiengine\x64\debug\cinputmgr.obj
c:\users\user\documents\github\client_api_directx\client_prototype\winapiengine\x64\debug\capiengine.obj
c:\users\user\documents\github\client_api_directx\client_prototype\winapiengine\x64\debug\ccollider.obj
c:\users\user\documents\github\client_api_directx\client_prototype\winapiengine\x64\debug\ccollisionmgr.obj
c:\users\user\documents\github\client_api_directx\client_prototype\winapiengine\x64\debug\canimator.obj
c:\users\user\documents\github\client_api_directx\client_prototype\winapiengine\x64\debug\caniseq.obj
c:\users\user\documents\github\client_api_directx\client_prototype\bin\winapiengine.lib
c:\users\user\documents\github\client_api_directx\client_prototype\winapiengine\x64\debug\winapiengine.res
c:\users\user\documents\github\client_api_directx\client_prototype\winapiengine\x64\debug\cunit.obj.enc
c:\users\user\documents\github\client_api_directx\client_prototype\winapiengine\x64\debug\winapiengine.tlog\cl.command.1.tlog
c:\users\user\documents\github\client_api_directx\client_prototype\winapiengine\x64\debug\winapiengine.tlog\cl.read.1.tlog
c:\users\user\documents\github\client_api_directx\client_prototype\winapiengine\x64\debug\winapiengine.tlog\cl.write.1.tlog
c:\users\user\documents\github\client_api_directx\client_prototype\winapiengine\x64\debug\winapiengine.tlog\lib-link-cvtres.read.1.tlog
c:\users\user\documents\github\client_api_directx\client_prototype\winapiengine\x64\debug\winapiengine.tlog\lib-link-cvtres.write.1.tlog
c:\users\user\documents\github\client_api_directx\client_prototype\winapiengine\x64\debug\winapiengine.tlog\lib.command.1.tlog
c:\users\user\documents\github\client_api_directx\client_prototype\winapiengine\x64\debug\winapiengine.tlog\rc.command.1.tlog
c:\users\user\documents\github\client_api_directx\client_prototype\winapiengine\x64\debug\winapiengine.tlog\rc.read.1.tlog
c:\users\user\documents\github\client_api_directx\client_prototype\winapiengine\x64\debug\winapiengine.tlog\rc.write.1.tlog
