c:\users\user\documents\github\client_api_directx\client_step14\client_step14\x64\debug\vc143.pdb
c:\users\user\documents\github\client_api_directx\client_step14\client_step14\x64\debug\vc143.idb
c:\users\user\documents\github\client_api_directx\client_step14\client_step14\x64\debug\svector2d.obj
c:\users\user\documents\github\client_api_directx\client_step14\client_step14\x64\debug\main.obj
c:\users\user\documents\github\client_api_directx\client_step14\client_step14\x64\debug\cunit.obj
c:\users\user\documents\github\client_api_directx\client_step14\client_step14\x64\debug\ctexture.obj
c:\users\user\documents\github\client_api_directx\client_step14\client_step14\x64\debug\cref.obj
c:\users\user\documents\github\client_api_directx\client_step14\client_step14\x64\debug\cobject.obj
c:\users\user\documents\github\client_api_directx\client_step14\client_step14\x64\debug\cinputmgr.obj
c:\users\user\documents\github\client_api_directx\client_step14\client_step14\x64\debug\capiengine.obj
c:\users\user\documents\github\client_api_directx\client_step14\client_step14\x64\debug\client_step14.ilk
c:\users\user\documents\github\client_api_directx\client_step14\x64\debug\client_step14.exe
c:\users\user\documents\github\client_api_directx\client_step14\x64\debug\client_step14.pdb
c:\users\user\documents\github\client_api_directx\client_step14\client_step14\x64\debug\client_viewcodeinit.res
c:\users\user\documents\github\client_api_directx\client_step14\client_step14\x64\debug\client_step14.tlog\cl.command.1.tlog
c:\users\user\documents\github\client_api_directx\client_step14\client_step14\x64\debug\client_step14.tlog\cl.read.1.tlog
c:\users\user\documents\github\client_api_directx\client_step14\client_step14\x64\debug\client_step14.tlog\cl.write.1.tlog
c:\users\user\documents\github\client_api_directx\client_step14\client_step14\x64\debug\client_step14.tlog\link.command.1.tlog
c:\users\user\documents\github\client_api_directx\client_step14\client_step14\x64\debug\client_step14.tlog\link.read.1.tlog
c:\users\user\documents\github\client_api_directx\client_step14\client_step14\x64\debug\client_step14.tlog\link.write.1.tlog
c:\users\user\documents\github\client_api_directx\client_step14\client_step14\x64\debug\client_step14.tlog\rc.command.1.tlog
c:\users\user\documents\github\client_api_directx\client_step14\client_step14\x64\debug\client_step14.tlog\rc.read.1.tlog
c:\users\user\documents\github\client_api_directx\client_step14\client_step14\x64\debug\client_step14.tlog\rc.write.1.tlog
