  CAPIEngine.cpp
C:\Users\User\Documents\GitHub\Client_API_DirectX\Client_API\Client_10_GameObject\CAPIEngine.cpp(31,24): warning C4838: 'float'에서 'LONG'(으)로의 변환에는 축소 변환이 필요합니다.
C:\Users\User\Documents\GitHub\Client_API_DirectX\Client_API\Client_10_GameObject\CAPIEngine.cpp(31,24): warning C4244: '초기화 중': 'float'에서 'LONG'(으)로 변환하면서 데이터가 손실될 수 있습니다.
C:\Users\User\Documents\GitHub\Client_API_DirectX\Client_API\Client_10_GameObject\CAPIEngine.cpp(31,39): warning C4838: 'float'에서 'LONG'(으)로의 변환에는 축소 변환이 필요합니다.
C:\Users\User\Documents\GitHub\Client_API_DirectX\Client_API\Client_10_GameObject\CAPIEngine.cpp(31,39): warning C4244: '초기화 중': 'float'에서 'LONG'(으)로 변환하면서 데이터가 손실될 수 있습니다.
C:\Users\User\Documents\GitHub\Client_API_DirectX\Client_API\Client_10_GameObject\CAPIEngine.cpp(113,22): warning C4838: 'float'에서 'LONG'(으)로의 변환에는 축소 변환이 필요합니다.
C:\Users\User\Documents\GitHub\Client_API_DirectX\Client_API\Client_10_GameObject\CAPIEngine.cpp(113,22): warning C4244: '초기화 중': 'float'에서 'LONG'(으)로 변환하면서 데이터가 손실될 수 있습니다.
C:\Users\User\Documents\GitHub\Client_API_DirectX\Client_API\Client_10_GameObject\CAPIEngine.cpp(113,37): warning C4838: 'float'에서 'LONG'(으)로의 변환에는 축소 변환이 필요합니다.
C:\Users\User\Documents\GitHub\Client_API_DirectX\Client_API\Client_10_GameObject\CAPIEngine.cpp(113,37): warning C4244: '초기화 중': 'float'에서 'LONG'(으)로 변환하면서 데이터가 손실될 수 있습니다.
C:\Users\User\Documents\GitHub\Client_API_DirectX\Client_API\Client_10_GameObject\CAPIEngine.cpp(184,27): warning C4244: '인수': 'float'에서 'int'(으)로 변환하면서 데이터가 손실될 수 있습니다.
C:\Users\User\Documents\GitHub\Client_API_DirectX\Client_API\Client_10_GameObject\CAPIEngine.cpp(184,15): warning C4244: '인수': 'float'에서 'int'(으)로 변환하면서 데이터가 손실될 수 있습니다.
C:\Users\User\Documents\GitHub\Client_API_DirectX\Client_API\Client_10_GameObject\CAPIEngine.cpp(183,52): warning C4244: '인수': 'float'에서 'int'(으)로 변환하면서 데이터가 손실될 수 있습니다.
C:\Users\User\Documents\GitHub\Client_API_DirectX\Client_API\Client_10_GameObject\CAPIEngine.cpp(183,40): warning C4244: '인수': 'float'에서 'int'(으)로 변환하면서 데이터가 손실될 수 있습니다.
C:\Users\User\Documents\GitHub\Client_API_DirectX\Client_API\Client_10_GameObject\CAPIEngine.cpp(190,15): warning C4244: '인수': 'float'에서 'int'(으)로 변환하면서 데이터가 손실될 수 있습니다.
C:\Users\User\Documents\GitHub\Client_API_DirectX\Client_API\Client_10_GameObject\CAPIEngine.cpp(190,12): warning C4244: '인수': 'float'에서 'int'(으)로 변환하면서 데이터가 손실될 수 있습니다.
C:\Users\User\Documents\GitHub\Client_API_DirectX\Client_API\Client_10_GameObject\CAPIEngine.cpp(207,61): warning C4244: '인수': 'float'에서 'int'(으)로 변환하면서 데이터가 손실될 수 있습니다.
C:\Users\User\Documents\GitHub\Client_API_DirectX\Client_API\Client_10_GameObject\CAPIEngine.cpp(207,46): warning C4244: '인수': 'float'에서 'int'(으)로 변환하면서 데이터가 손실될 수 있습니다.
C:\Users\User\Documents\GitHub\Client_API_DirectX\Client_API\Client_10_GameObject\CAPIEngine.cpp(217,27): warning C4244: '인수': 'float'에서 'int'(으)로 변환하면서 데이터가 손실될 수 있습니다.
C:\Users\User\Documents\GitHub\Client_API_DirectX\Client_API\Client_10_GameObject\CAPIEngine.cpp(217,12): warning C4244: '인수': 'float'에서 'int'(으)로 변환하면서 데이터가 손실될 수 있습니다.
  CObject.cpp
  CTexture.cpp
  CUnit.cpp
C:\Users\User\Documents\GitHub\Client_API_DirectX\Client_API\Client_10_GameObject\CUnit.cpp(12,31): warning C4244: '=': 'LONG'에서 'float'(으)로 변환하면서 데이터가 손실될 수 있습니다.
C:\Users\User\Documents\GitHub\Client_API_DirectX\Client_API\Client_10_GameObject\CUnit.cpp(13,32): warning C4244: '=': 'LONG'에서 'float'(으)로 변환하면서 데이터가 손실될 수 있습니다.
  main.cpp
  코드를 생성하고 있습니다...
  Client_10_GameObject.vcxproj -> C:\Users\User\Documents\GitHub\Client_API_DirectX\Client_API\x64\Debug\Client_10_GameObject.exe
